<?xml version="1.0" encoding="UTF-8"?>
<!-- Generated by org.testng.reporters.JUnitReportReporter -->
<testsuite hostname="LT024095" name="com.Workouts.NTC_WorkOuts_GetLean_Beginner_SweatAndShape" tests="1" failures="0" timestamp="6 Apr 2015 13:28:39 GMT" time="269.672" errors="0">
  <testcase name="GetLean_Beginner_SweatAndShape" time="269.672" classname="com.Workouts.NTC_WorkOuts_GetLean_Beginner_SweatAndShape"/>
</testsuite> <!-- com.Workouts.NTC_WorkOuts_GetLean_Beginner_SweatAndShape -->
