<?xml version="1.0" encoding="UTF-8"?>
<!-- Generated by org.testng.reporters.JUnitReportReporter -->
<testsuite hostname="APNBG1HW00BEF0" name="com.LoginAndRegisterModules.NTC_SignUp" tests="1" failures="0" timestamp="13 May 2015 17:17:44 GMT" time="88.614" errors="0">
  <testcase name="signUp" time="88.614" classname="com.LoginAndRegisterModules.NTC_SignUp"/>
</testsuite> <!-- com.LoginAndRegisterModules.NTC_SignUp -->
