<?xml version="1.0" encoding="UTF-8"?>
<!-- Generated by org.testng.reporters.JUnitReportReporter -->
<testsuite hostname="LVEMULW1" name="com.LoginAndRegisterModules.NTC_ForgotPassword" tests="1" failures="0" timestamp="5 May 2015 10:44:10 GMT" time="74.884" errors="0">
  <testcase name="forgotPassword" time="74.884" classname="com.LoginAndRegisterModules.NTC_ForgotPassword"/>
</testsuite> <!-- com.LoginAndRegisterModules.NTC_ForgotPassword -->
