<?xml version="1.0" encoding="UTF-8"?>
<!-- Generated by org.testng.reporters.JUnitReportReporter -->
<testsuite hostname="LT024095" name="com.test.NTC_SignIn" tests="1" failures="0" timestamp="6 Apr 2015 10:02:31 GMT" time="72.006" errors="0">
  <testcase name="signIn" time="72.006" classname="com.test.NTC_SignIn"/>
</testsuite> <!-- com.test.NTC_SignIn -->
