<?xml version="1.0" encoding="UTF-8"?>
<!-- Generated by org.testng.reporters.JUnitReportReporter -->
<testsuite hostname="APNBG1HW00BEF0" name="com.LoginAndRegisterModules.NTC_SignIn" tests="1" failures="0" timestamp="7 May 2015 06:46:41 GMT" time="55.440" errors="0">
  <testcase name="signIn" time="55.440" classname="com.LoginAndRegisterModules.NTC_SignIn"/>
</testsuite> <!-- com.LoginAndRegisterModules.NTC_SignIn -->
