<?xml version="1.0" encoding="UTF-8"?>
<!-- Generated by org.testng.reporters.JUnitReportReporter -->
<testsuite hostname="LT024095" name="com.test.NTC_SignUp" tests="1" failures="0" timestamp="3 Apr 2015 13:31:58 GMT" time="109.769" errors="0">
  <testcase name="signUp" time="109.769" classname="com.test.NTC_SignUp"/>
</testsuite> <!-- com.test.NTC_SignUp -->
