<?xml version="1.0" encoding="UTF-8"?>
<!-- Generated by org.testng.reporters.JUnitReportReporter -->
<testsuite hostname="LVEMULW1" name="NtcTest" tests="1" failures="0" timestamp="1 Apr 2015 13:14:01 GMT" time="9.625" errors="0">
  <testcase name="loginTest" time="9.625" classname="NtcTest"/>
</testsuite> <!-- NtcTest -->
