<?xml version="1.0" encoding="UTF-8"?>
<!-- Generated by org.testng.reporters.JUnitReportReporter -->
<testsuite hostname="LVEMULW1" name="NTCApp" tests="1" failures="0" timestamp="2 Apr 2015 07:14:32 GMT" time="55.863" errors="0">
  <testcase name="loginTest" time="55.863" classname="NTCApp"/>
</testsuite> <!-- NTCApp -->
