<?xml version="1.0" encoding="UTF-8"?>
<!-- Generated by org.testng.reporters.JUnitReportReporter -->
<testsuite hostname="LT024095" name="com.test.NtcTest" tests="1" failures="0" timestamp="2 Apr 2015 05:41:36 GMT" time="7.086" errors="0">
  <testcase name="loginTest" time="7.086" classname="com.test.NtcTest"/>
</testsuite> <!-- com.test.NtcTest -->
